<?xml version="1.0" encoding="UTF-8"?>
<!-- Generated by org.testng.reporters.JUnitReportReporter -->
<testsuite hostname="CPN862" failures="0" tests="1" name="Pro1.String_rev" time="0.008" errors="0" timestamp="2024-08-14T14:29:10 IST" skipped="0">
  <testcase classname="Pro1.String_rev" name="primenumber" time="0.008"/>
  <system-out/>
</testsuite> <!-- Pro1.String_rev -->
